<?xml version="1.0" encoding="UTF-8"?>
<testng-results skipped="0" failed="0" ignored="0" total="1" passed="1">
  <reporter-output>
  </reporter-output>
  <suite name="Default suite" duration-ms="99431" started-at="2019-11-15T09:48:17Z" finished-at="2019-11-15T09:49:57Z">
    <groups>
      <group name="cucumber">
        <method signature="AbstractTestNGCucumberTests.feature(cucumber.api.testng.CucumberFeatureWrapper)[pri:0, instance:com.cec.qa.runner.MainRunner@ce5a68e]" name="feature" class="cucumber.api.testng.AbstractTestNGCucumberTests"/>
      </group> <!-- cucumber -->
    </groups>
    <test name="Default test" duration-ms="99431" started-at="2019-11-15T09:48:17Z" finished-at="2019-11-15T09:49:57Z">
      <class name="com.cec.qa.runner.MainRunner">
        <test-method status="PASS" signature="setUpClass()[pri:0, instance:com.cec.qa.runner.MainRunner@ce5a68e]" name="setUpClass" is-config="true" duration-ms="633" started-at="2019-11-15T09:48:17Z" finished-at="2019-11-15T09:48:18Z">
          <reporter-output>
          </reporter-output>
        </test-method> <!-- setUpClass -->
        <test-method status="PASS" signature="feature(cucumber.api.testng.CucumberFeatureWrapper)[pri:0, instance:com.cec.qa.runner.MainRunner@ce5a68e]" name="feature" duration-ms="98223" started-at="2019-11-15T09:48:18Z" description="Runs Cucumber Feature" data-provider="features" finished-at="2019-11-15T09:49:56Z">
          <params>
            <param index="0">
              <value>
                <![CDATA[KidsBirthdayParties]]>
              </value>
            </param>
          </params>
          <reporter-output>
          </reporter-output>
        </test-method> <!-- feature -->
        <test-method status="PASS" signature="tearDownClass()[pri:0, instance:com.cec.qa.runner.MainRunner@ce5a68e]" name="tearDownClass" is-config="true" duration-ms="62" started-at="2019-11-15T09:49:57Z" finished-at="2019-11-15T09:49:57Z">
          <reporter-output>
          </reporter-output>
        </test-method> <!-- tearDownClass -->
      </class> <!-- com.cec.qa.runner.MainRunner -->
    </test> <!-- Default test -->
  </suite> <!-- Default suite -->
</testng-results>
